  main.cpp
D:\visual studio\cpp-project\OpenGL-animation_TJU-Final-assignment-main (2)\OpenGL-animation_TJU-Final-assignment-main\openGL_project\learnopengl\shader.h(56,40): warning C4101: “e”: 未引用的局部变量
D:\visual studio\cpp-project\OpenGL-animation_TJU-Final-assignment-main (2)\OpenGL-animation_TJU-Final-assignment-main\openGL_project\learnopengl\mesh.h(90,1): warning C4267: “参数”: 从“size_t”转换到“GLsizei”，可能丢失数据
D:\visual studio\cpp-project\OpenGL-animation_TJU-Final-assignment-main (2)\OpenGL-animation_TJU-Final-assignment-main\openGL_project\main.cpp(257,22): warning C4244: “初始化”: 从“double”转换到“float”，可能丢失数据
D:\visual studio\cpp-project\OpenGL-animation_TJU-Final-assignment-main (2)\OpenGL-animation_TJU-Final-assignment-main\openGL_project\main.cpp(295,15): warning C4244: “初始化”: 从“double”转换到“float”，可能丢失数据
D:\visual studio\cpp-project\OpenGL-animation_TJU-Final-assignment-main (2)\OpenGL-animation_TJU-Final-assignment-main\openGL_project\main.cpp(296,15): warning C4244: “初始化”: 从“double”转换到“float”，可能丢失数据
D:\visual studio\cpp-project\OpenGL-animation_TJU-Final-assignment-main (2)\OpenGL-animation_TJU-Final-assignment-main\openGL_project\main.cpp(297,15): warning C4244: “初始化”: 从“double”转换到“float”，可能丢失数据
D:\visual studio\cpp-project\OpenGL-animation_TJU-Final-assignment-main (2)\OpenGL-animation_TJU-Final-assignment-main\openGL_project\main.cpp(392,15): warning C4244: “初始化”: 从“double”转换到“float”，可能丢失数据
D:\visual studio\cpp-project\OpenGL-animation_TJU-Final-assignment-main (2)\OpenGL-animation_TJU-Final-assignment-main\openGL_project\main.cpp(445,21): warning C4244: “初始化”: 从“double”转换到“float”，可能丢失数据
D:\visual studio\cpp-project\OpenGL-animation_TJU-Final-assignment-main (2)\OpenGL-animation_TJU-Final-assignment-main\openGL_project\main.cpp(556,11): warning C4244: “=”: 从“double”转换到“float”，可能丢失数据
D:\visual studio\cpp-project\OpenGL-animation_TJU-Final-assignment-main (2)\OpenGL-animation_TJU-Final-assignment-main\openGL_project\main.cpp(557,11): warning C4244: “=”: 从“double”转换到“float”，可能丢失数据
D:\visual studio\cpp-project\OpenGL-animation_TJU-Final-assignment-main (2)\OpenGL-animation_TJU-Final-assignment-main\openGL_project\main.cpp(561,16): warning C4244: “初始化”: 从“double”转换到“float”，可能丢失数据
D:\visual studio\cpp-project\OpenGL-animation_TJU-Final-assignment-main (2)\OpenGL-animation_TJU-Final-assignment-main\openGL_project\main.cpp(562,16): warning C4244: “初始化”: 从“double”转换到“float”，可能丢失数据
D:\visual studio\cpp-project\OpenGL-animation_TJU-Final-assignment-main (2)\OpenGL-animation_TJU-Final-assignment-main\openGL_project\main.cpp(564,10): warning C4244: “=”: 从“double”转换到“float”，可能丢失数据
D:\visual studio\cpp-project\OpenGL-animation_TJU-Final-assignment-main (2)\OpenGL-animation_TJU-Final-assignment-main\openGL_project\main.cpp(565,10): warning C4244: “=”: 从“double”转换到“float”，可能丢失数据
D:\visual studio\cpp-project\OpenGL-animation_TJU-Final-assignment-main (2)\OpenGL-animation_TJU-Final-assignment-main\openGL_project\main.cpp(574,28): warning C4244: “参数”: 从“double”转换到“float”，可能丢失数据
glfw3.lib(init.obj) : warning LNK4099: 未找到 PDB“glfw3.pdb”(使用“glfw3.lib(init.obj)”或在“D:\visual studio\cpp-project\OpenGL-animation_TJU-Final-assignment-main (2)\OpenGL-animation_TJU-Final-assignment-main\openGL_project\x64\Debug\glfw3.pdb”中寻找)；正在链接对象，如同没有调试信息一样
glfw3.lib(window.obj) : warning LNK4099: 未找到 PDB“glfw3.pdb”(使用“glfw3.lib(window.obj)”或在“D:\visual studio\cpp-project\OpenGL-animation_TJU-Final-assignment-main (2)\OpenGL-animation_TJU-Final-assignment-main\openGL_project\x64\Debug\glfw3.pdb”中寻找)；正在链接对象，如同没有调试信息一样
glfw3.lib(input.obj) : warning LNK4099: 未找到 PDB“glfw3.pdb”(使用“glfw3.lib(input.obj)”或在“D:\visual studio\cpp-project\OpenGL-animation_TJU-Final-assignment-main (2)\OpenGL-animation_TJU-Final-assignment-main\openGL_project\x64\Debug\glfw3.pdb”中寻找)；正在链接对象，如同没有调试信息一样
glfw3.lib(context.obj) : warning LNK4099: 未找到 PDB“glfw3.pdb”(使用“glfw3.lib(context.obj)”或在“D:\visual studio\cpp-project\OpenGL-animation_TJU-Final-assignment-main (2)\OpenGL-animation_TJU-Final-assignment-main\openGL_project\x64\Debug\glfw3.pdb”中寻找)；正在链接对象，如同没有调试信息一样
glfw3.lib(win32_init.obj) : warning LNK4099: 未找到 PDB“glfw3.pdb”(使用“glfw3.lib(win32_init.obj)”或在“D:\visual studio\cpp-project\OpenGL-animation_TJU-Final-assignment-main (2)\OpenGL-animation_TJU-Final-assignment-main\openGL_project\x64\Debug\glfw3.pdb”中寻找)；正在链接对象，如同没有调试信息一样
glfw3.lib(win32_monitor.obj) : warning LNK4099: 未找到 PDB“glfw3.pdb”(使用“glfw3.lib(win32_monitor.obj)”或在“D:\visual studio\cpp-project\OpenGL-animation_TJU-Final-assignment-main (2)\OpenGL-animation_TJU-Final-assignment-main\openGL_project\x64\Debug\glfw3.pdb”中寻找)；正在链接对象，如同没有调试信息一样
glfw3.lib(win32_time.obj) : warning LNK4099: 未找到 PDB“glfw3.pdb”(使用“glfw3.lib(win32_time.obj)”或在“D:\visual studio\cpp-project\OpenGL-animation_TJU-Final-assignment-main (2)\OpenGL-animation_TJU-Final-assignment-main\openGL_project\x64\Debug\glfw3.pdb”中寻找)；正在链接对象，如同没有调试信息一样
glfw3.lib(win32_thread.obj) : warning LNK4099: 未找到 PDB“glfw3.pdb”(使用“glfw3.lib(win32_thread.obj)”或在“D:\visual studio\cpp-project\OpenGL-animation_TJU-Final-assignment-main (2)\OpenGL-animation_TJU-Final-assignment-main\openGL_project\x64\Debug\glfw3.pdb”中寻找)；正在链接对象，如同没有调试信息一样
glfw3.lib(monitor.obj) : warning LNK4099: 未找到 PDB“glfw3.pdb”(使用“glfw3.lib(monitor.obj)”或在“D:\visual studio\cpp-project\OpenGL-animation_TJU-Final-assignment-main (2)\OpenGL-animation_TJU-Final-assignment-main\openGL_project\x64\Debug\glfw3.pdb”中寻找)；正在链接对象，如同没有调试信息一样
glfw3.lib(vulkan.obj) : warning LNK4099: 未找到 PDB“glfw3.pdb”(使用“glfw3.lib(vulkan.obj)”或在“D:\visual studio\cpp-project\OpenGL-animation_TJU-Final-assignment-main (2)\OpenGL-animation_TJU-Final-assignment-main\openGL_project\x64\Debug\glfw3.pdb”中寻找)；正在链接对象，如同没有调试信息一样
glfw3.lib(win32_window.obj) : warning LNK4099: 未找到 PDB“glfw3.pdb”(使用“glfw3.lib(win32_window.obj)”或在“D:\visual studio\cpp-project\OpenGL-animation_TJU-Final-assignment-main (2)\OpenGL-animation_TJU-Final-assignment-main\openGL_project\x64\Debug\glfw3.pdb”中寻找)；正在链接对象，如同没有调试信息一样
glfw3.lib(win32_joystick.obj) : warning LNK4099: 未找到 PDB“glfw3.pdb”(使用“glfw3.lib(win32_joystick.obj)”或在“D:\visual studio\cpp-project\OpenGL-animation_TJU-Final-assignment-main (2)\OpenGL-animation_TJU-Final-assignment-main\openGL_project\x64\Debug\glfw3.pdb”中寻找)；正在链接对象，如同没有调试信息一样
glfw3.lib(wgl_context.obj) : warning LNK4099: 未找到 PDB“glfw3.pdb”(使用“glfw3.lib(wgl_context.obj)”或在“D:\visual studio\cpp-project\OpenGL-animation_TJU-Final-assignment-main (2)\OpenGL-animation_TJU-Final-assignment-main\openGL_project\x64\Debug\glfw3.pdb”中寻找)；正在链接对象，如同没有调试信息一样
glfw3.lib(egl_context.obj) : warning LNK4099: 未找到 PDB“glfw3.pdb”(使用“glfw3.lib(egl_context.obj)”或在“D:\visual studio\cpp-project\OpenGL-animation_TJU-Final-assignment-main (2)\OpenGL-animation_TJU-Final-assignment-main\openGL_project\x64\Debug\glfw3.pdb”中寻找)；正在链接对象，如同没有调试信息一样
glfw3.lib(osmesa_context.obj) : warning LNK4099: 未找到 PDB“glfw3.pdb”(使用“glfw3.lib(osmesa_context.obj)”或在“D:\visual studio\cpp-project\OpenGL-animation_TJU-Final-assignment-main (2)\OpenGL-animation_TJU-Final-assignment-main\openGL_project\x64\Debug\glfw3.pdb”中寻找)；正在链接对象，如同没有调试信息一样
  openGL_project.vcxproj -> D:\visual studio\cpp-project\OpenGL-animation_TJU-Final-assignment-main (2)\OpenGL-animation_TJU-Final-assignment-main\openGL_project\x64\Debug\openGL_project.exe
